<?xml version="1.0" encoding="UTF-8"?>
<!-- Generated by org.testng.reporters.JUnitReportReporter -->
<testsuite skipped="0" hostname="pc" name="com.pranicompany.test.open_browser" tests="1" failures="0" timestamp="2020-04-15T11:22:59 IST" time="5.641" errors="0">
  <testcase name="Best_Sellers" time="5.641" classname="com.pranicompany.test.open_browser"/>
  <system-out/>
</testsuite> <!-- com.pranicompany.test.open_browser -->
